\BOOKMARK [0][-]{chapter*.2}{List of Figures}{}% 1
\BOOKMARK [0][-]{chapter.1}{Einleitung}{}% 2
\BOOKMARK [1][-]{section.1.1}{Motivation, Problemstellung}{chapter.1}% 3
\BOOKMARK [1][-]{section.1.3}{Zielsetzung}{chapter.1}% 4
\BOOKMARK [1][-]{section.1.4}{Ausfbau der Arbeit}{chapter.1}% 5
\BOOKMARK [0][-]{chapter.2}{Theoretische Grundlagen BUIS}{}% 6
\BOOKMARK [1][-]{section.2.1}{Definition und Kategorisierung}{chapter.2}% 7
\BOOKMARK [1][-]{section.2.2}{Ausgew\344hlte BUIS}{chapter.2}% 8
\BOOKMARK [1][-]{section.2.3}{Einsatzgebiete und Hemmschwellen bei der Nutzung von BUIS}{chapter.2}% 9
\BOOKMARK [2][-]{subsection.2.3.1}{Usability von BUIS}{section.2.3}% 10
\BOOKMARK [1][-]{section.2.4}{E-learning im betrieblichen Kontext}{chapter.2}% 11
\BOOKMARK [2][-]{subsection.2.4.1}{E-learning Tools und oder Tutorials der ausgew\344hlten BUIS}{section.2.4}% 12
\BOOKMARK [0][-]{chapter.3}{Theoretische Grundlagen E-Learning und Usabiliy}{}% 13
\BOOKMARK [1][-]{section.3.1}{E-learning}{chapter.3}% 14
\BOOKMARK [2][-]{subsection.3.1.1}{Zielgruppen}{section.3.1}% 15
\BOOKMARK [2][-]{subsection.3.1.2}{Inhalt und Ziel des Seminars}{section.3.1}% 16
\BOOKMARK [1][-]{section.3.2}{Gamification}{chapter.3}% 17
\BOOKMARK [1][-]{section.3.3}{Benchmarktanalyse E-learning f\374r Usability und Design Inhale}{chapter.3}% 18
\BOOKMARK [1][-]{section.3.4}{Ausgew\344hlte Methoden des E-learning}{chapter.3}% 19
\BOOKMARK [2][-]{subsection.3.4.1}{Quiz als Methode}{section.3.4}% 20
\BOOKMARK [2][-]{subsection.3.4.2}{L\374ckentext als Methode}{section.3.4}% 21
\BOOKMARK [2][-]{subsection.3.4.3}{Memory}{section.3.4}% 22
\BOOKMARK [0][-]{chapter.4}{Konzeption}{}% 23
\BOOKMARK [1][-]{section.4.1}{Rahmenbedingungen}{chapter.4}% 24
\BOOKMARK [1][-]{section.4.2}{Methoden}{chapter.4}% 25
\BOOKMARK [2][-]{subsection.4.2.1}{Glossar sequentiell}{section.4.2}% 26
\BOOKMARK [2][-]{subsection.4.2.2}{Glossar shuffle}{section.4.2}% 27
\BOOKMARK [2][-]{subsection.4.2.3}{Begriff + Definition + Bild}{section.4.2}% 28
\BOOKMARK [2][-]{subsection.4.2.4}{Begriff + Definition + TTS Button}{section.4.2}% 29
\BOOKMARK [2][-]{subsection.4.2.5}{Quiz}{section.4.2}% 30
\BOOKMARK [2][-]{subsection.4.2.6}{L\374ckentext \(mit 4 Optionen\)}{section.4.2}% 31
\BOOKMARK [2][-]{subsection.4.2.7}{L\374ckentext zum selbertippen?}{section.4.2}% 32
\BOOKMARK [1][-]{section.4.3}{Evaluation}{chapter.4}% 33
\BOOKMARK [2][-]{subsection.4.3.1}{Fragen}{section.4.3}% 34
\BOOKMARK [1][-]{section.4.4}{Auswertung}{chapter.4}% 35
\BOOKMARK [1][-]{section.4.5}{Zusammenfassung}{chapter.4}% 36
\BOOKMARK [0][-]{chapter.5}{Praxisteil}{}% 37
\BOOKMARK [1][-]{section.5.1}{Prototyp}{chapter.5}% 38
\BOOKMARK [1][-]{section.5.2}{Evaluation}{chapter.5}% 39
