\BOOKMARK [0][-]{chapter*.2}{Abbildungsverzeichnis}{}% 1
\BOOKMARK [0][-]{chapter.1}{Einleitung}{}% 2
\BOOKMARK [1][-]{section.1.1}{Zielstellung dieser Arbeit}{chapter.1}% 3
\BOOKMARK [1][-]{section.1.2}{Vorgehen und Struktur dieser Arbeit}{chapter.1}% 4
\BOOKMARK [1][-]{section.1.3}{Vorstellung des Unternehmens}{chapter.1}% 5
\BOOKMARK [2][-]{subsection.1.3.1}{Der Volkswagen Konzern}{section.1.3}% 6
\BOOKMARK [2][-]{subsection.1.3.2}{Die Abteilung Umwelt-Produktion}{section.1.3}% 7
\BOOKMARK [0][-]{chapter.2}{Ressourceneffizienz und Ressourceneffizienz-Quickcheck}{}% 8
\BOOKMARK [1][-]{section.2.1}{Ressourceneffizienz und Nachhaltigkeit}{chapter.2}% 9
\BOOKMARK [1][-]{section.2.2}{Ressouceneffizienz}{chapter.2}% 10
\BOOKMARK [1][-]{section.2.3}{branchenspezifische Ressourceneffizienz-Schnelltests \(Ressourceneffizienz-Quickchecks\)}{chapter.2}% 11
\BOOKMARK [1][-]{section.2.4}{Ressourceneffizienz-Quickcheck}{chapter.2}% 12
\BOOKMARK [0][-]{chapter.3}{Ressourceneffizienz bei Volkswagen}{}% 13
\BOOKMARK [1][-]{section.3.1}{Think Blue.Factory}{chapter.3}% 14
\BOOKMARK [1][-]{section.3.2}{Stoffstrommanagement}{chapter.3}% 15
\BOOKMARK [1][-]{section.3.3}{Im Volkswagen Konzern eingesetzte Software und deren Anwendungsziele}{chapter.3}% 16
\BOOKMARK [0][-]{chapter.4}{Fachliche Konzeption des Ressourceneffizienz-Quickcheck}{}% 17
\BOOKMARK [1][-]{section.4.1}{Zielgruppen und deren Anforderungen an einen Ressourceneffizienz-Quickcheck}{chapter.4}% 18
\BOOKMARK [1][-]{section.4.2}{Skizzierung m\366glicher Konzepte und deren Grundlagen}{chapter.4}% 19
\BOOKMARK [1][-]{section.4.3}{Auswahl eines Konzeptes nach Umsetzbarkeit und Verf\374gbarkeit der Daten}{chapter.4}% 20
\BOOKMARK [1][-]{section.4.4}{Funktionsanalyse und Visualisierungsm\366glichkeiten}{chapter.4}% 21
\BOOKMARK [1][-]{section.4.5}{Modellbildung und Simulation}{chapter.4}% 22
\BOOKMARK [2][-]{subsection.4.5.1}{System und Modell}{section.4.5}% 23
\BOOKMARK [2][-]{subsection.4.5.2}{Darstellung einer idealisierten Lackiererei}{section.4.5}% 24
\BOOKMARK [1][-]{section.4.6}{Entwicklung eines fachlichen Prototypen}{chapter.4}% 25
\BOOKMARK [2][-]{subsection.4.6.1}{\334bertragung des Modells einer Lackiererei in das Konzept des Prototypen}{section.4.6}% 26
\BOOKMARK [2][-]{subsection.4.6.2}{Berechnung und Darstellung der Kennzahlen}{section.4.6}% 27
\BOOKMARK [2][-]{subsection.4.6.3}{Genauigkeit und Wichtung}{section.4.6}% 28
\BOOKMARK [2][-]{subsection.4.6.4}{Auswahl der Ma\337nahmen}{section.4.6}% 29
\BOOKMARK [0][-]{chapter.5}{Implementierung des Ressourceneffizienz-Quickcheck}{}% 30
\BOOKMARK [1][-]{section.5.1}{Technische Voraussetzungen und Anforderungen}{chapter.5}% 31
\BOOKMARK [1][-]{section.5.2}{Entwurf und Implementierung der Datenbank}{chapter.5}% 32
\BOOKMARK [2][-]{subsection.5.2.1}{\334bertragung der Ma\337nahmen}{section.5.2}% 33
\BOOKMARK [2][-]{subsection.5.2.2}{Erstellung des Datenbankmodells}{section.5.2}% 34
\BOOKMARK [2][-]{subsection.5.2.3}{Kennzahlen und deren Beziehungen}{section.5.2}% 35
\BOOKMARK [1][-]{section.5.3}{Implementierung der Software}{chapter.5}% 36
\BOOKMARK [2][-]{subsection.5.3.1}{Generierung der Module und Prozessschritte}{section.5.3}% 37
\BOOKMARK [2][-]{subsection.5.3.2}{grafische Elemente und Funktionalit\344ten}{section.5.3}% 38
\BOOKMARK [1][-]{section.5.4}{Darstellung nicht implementierter Funktionen}{chapter.5}% 39
\BOOKMARK [2][-]{subsection.5.4.1}{zu beseitigende Fehler}{section.5.4}% 40
\BOOKMARK [2][-]{subsection.5.4.2}{fehlende Funtionalit\344ten}{section.5.4}% 41
\BOOKMARK [0][-]{chapter.6}{Fazit und Ausblick}{}% 42
\BOOKMARK [0][-]{appendix.A}{Anhang}{}% 43
\BOOKMARK [1][-]{section.A.1}{Quellcode}{appendix.A}% 44
